C51 COMPILER V9.52.0.0   DHT11                                                             04/23/2019 16:49:33 PAGE 1   


C51 COMPILER V9.52.0.0, COMPILATION OF MODULE DHT11
OBJECT MODULE PLACED IN .\output\dht11.obj
COMPILER INVOKED BY: D:\Keil_v4\C51\BIN\C51.EXE source\dht11.c BROWSE INCDIR(.\include) DEBUG OBJECTEXTEND PRINT(.\dht11
                    -.lst) TABS(2) OBJECT(.\output\dht11.obj)

line level    source

   1          #include "reg52.h"
   2          //#include<intrins.h>
   3          #include "oled.h"
   4          #define uchar unsigned char
   5          #define uint  unsigned int
   6          
   7          sbit Data=P3^2;   //定义数据线
   8          uchar rec_dat[9];   //用于显示的接收数据数组
   9          
  10          unsigned char RH,RL,TH,TL;
  11          
  12          void DHT11_delay_us(uchar n)
  13          {
  14   1          while(--n);
  15   1      }
  16          
  17          void DHT11_delay_ms(uint z)
  18          {
  19   1         uint i,j;
  20   1         for(i=z;i>0;i--)
  21   1            for(j=110;j>0;j--);
  22   1      }
  23          
  24          void DHT11_start()
  25          {
  26   1         Data=1;
  27   1         DHT11_delay_us(2);
  28   1         Data=0;
  29   1         DHT11_delay_ms(20);   //延时18ms以上
  30   1         Data=1;
  31   1         DHT11_delay_us(30);
  32   1      }
  33          
  34          uchar DHT11_rec_byte()      //接收一个字节
  35          {
  36   1         uchar i,dat=0;
  37   1        for(i=0;i<8;i++)    //从高到低依次接收8位数据
  38   1         {          
  39   2            while(!Data);   ////等待50us低电平过去
  40   2            DHT11_delay_us(8);     //延时60us，如果还为高则数据为1，否则为0 
  41   2            dat<<=1;           //移位使正确接收8位数据，数据为0时直接移位
  42   2            if(Data==1)    //数据为1时，使dat加1来接收数据1
  43   2               dat+=1;
  44   2            while(Data);  //等待数据线拉低    
  45   2          }  
  46   1          return dat;
  47   1      }
  48          
  49          void DHT11_receive()      //接收40位的数据
  50          {
  51   1          uchar R_H,R_L,T_H,T_L,revise; 
  52   1        
  53   1          DHT11_start();
  54   1          if(Data==0)
C51 COMPILER V9.52.0.0   DHT11                                                             04/23/2019 16:49:33 PAGE 2   

  55   1          {
  56   2              while(Data==0);   //等待拉高     
  57   2              DHT11_delay_us(40);  //拉高后延时80us
  58   2              R_H=DHT11_rec_byte();    //接收湿度高八位  
  59   2              R_L=DHT11_rec_byte();    //接收湿度低八位  
  60   2              T_H=DHT11_rec_byte();    //接收温度高八位  
  61   2              T_L=DHT11_rec_byte();    //接收温度低八位
  62   2              revise=DHT11_rec_byte(); //接收校正位
  63   2      
  64   2              DHT11_delay_us(25);    //结束
  65   2      
  66   2              if((R_H+R_L+T_H+T_L)==revise)      //校正
  67   2              {
  68   3                  RH=R_H;
  69   3                  RL=R_L;
  70   3                  TH=T_H;
  71   3                  TL=T_L;
  72   3              }
  73   2              //数据处理，方便显示
  74   2              
  75   2              //rec_dat[0]='0'+(RH/10);//OLED_ShowNum(25, 6, RH, 2, 16);OLED_ShowChar(25, 4, rec_dat[0]);
  76   2              //rec_dat[1]='0'+(RH%10);//OLED_ShowChar(35, 4, rec_dat[1]);
  77   2              //rec_dat[2]='R';//OLED_ShowCHinese(0, 0, 0);
  78   2              //rec_dat[3]='H';
  79   2              //rec_dat[4]=' ';
  80   2              //rec_dat[5]=' ';//OLED_ShowNum(25, 0, TH, 2, 16);
  81   2              //rec_dat[6]='0'+(TH/10);//OLED_ShowChar(25, 2, rec_dat[6]);
  82   2              //rec_dat[7]='0'+(TH%10);//OLED_ShowChar(35, 2, rec_dat[7]);
  83   2              //rec_dat[8]='C';
  84   2          }
  85   1      }
  86          
  87          /*这里使用lcd1602来显示采集到的数据，lcd1602驱动程序在博主的51单片机系列博文中有详细讲解
  88          void main()
  89          {
  90             uchar i;   
  91             lcd_init();   //lcd1602初始化
  92             while(1)
  93             {   
  94                 DHT11_delay_ms(1500);    //DHT11上电后要等待1S以越过不稳定状态在此期间不能发送任何指令
  95                 DHT11_receive();
  96                 lcd_write_command(0x80);   //从lcd1602第一行第一个位置开始显示
  97                 for(i=0;i<9;i++)
  98                 lcd_write_data(rec_dat[i]);   //显示数据                      
  99             }
 100          }*/


MODULE INFORMATION:   STATIC OVERLAYABLE
   CODE SIZE        =    175    ----
   CONSTANT SIZE    =   ----    ----
   XDATA SIZE       =   ----    ----
   PDATA SIZE       =   ----    ----
   DATA SIZE        =     13       2
   IDATA SIZE       =   ----    ----
   BIT SIZE         =   ----    ----
END OF MODULE INFORMATION.


C51 COMPILATION COMPLETE.  0 WARNING(S),  0 ERROR(S)
