C51 COMPILER V9.52.0.0   KEY                                                               05/14/2019 12:27:07 PAGE 1   


C51 COMPILER V9.52.0.0, COMPILATION OF MODULE KEY
OBJECT MODULE PLACED IN .\output\key.obj
COMPILER INVOKED BY: D:\Keil_v4\C51\BIN\C51.EXE source\key.c BROWSE INCDIR(.\include) DEBUG OBJECTEXTEND PRINT(.\key.lst
                    -) TABS(2) OBJECT(.\output\key.obj)

line level    source

   1          /**
   2            ******************************************************************************
   3            * @file    key.c
   4            * @author  现代电子技术综合设计第10组
   5            * @date    2019-04~2019-05
   6            * @brief   按键相关Function
   7            ******************************************************************************
   8            */ 
   9          
  10          
  11          #include "key.h"
  12          #include <reg52.h>
  13          
  14          
  15          
  16          volatile unsigned char Flag_key_incre;
  17          volatile unsigned char Flag_key_decre;
  18          volatile unsigned char Flag_key_menu;
  19          
  20          sbit PORT_K_MENU = P2^1;
  21          sbit PORT_K_INCR = P2^2;
  22          sbit PORT_K_DECR = P2^3;
  23          sbit LED1 = P0^1;
  24          
  25          
  26           /**
  27            * @brief  按键扫描
  28            * @param  none
  29            * @retval none
  30            */
  31          void Keys_Scan()
  32          {
  33   1        static unsigned int key_state = 0;
  34   1        unsigned char key_press;
  35   1        unsigned char key_input;
  36   1        
  37   1        key_input  = !PORT_K_MENU;
  38   1        key_input  = key_input<<1;
  39   1        key_input |= (!PORT_K_INCR);
  40   1        key_input  = key_input<<1;
  41   1        key_input |= (!PORT_K_DECR);
  42   1        //key_input  = key_input<<1;
  43   1        
  44   1        key_press  = key_input;         // 读按键I/O电平
  45   1        switch (key_state)
  46   1        {
  47   2          case key_state_0:         // 按键初始态
  48   2            //if (key_press) key_state = key_state_1; // 键被按下，状态转换到键确认态
  49   2            if (key_press)
  50   2            {
  51   3              key_state = key_state_1;
  52   3            }
  53   2            break;
  54   2            
C51 COMPILER V9.52.0.0   KEY                                                               05/14/2019 12:27:07 PAGE 2   

  55   2          case key_state_1:         // 按键确认态
  56   2            if (key_press)
  57   2            {
  58   3              if(key_press & KEY_INCRE)
  59   3              {
  60   4                  Flag_key_incre = 1;
  61   4              }
  62   3              else if(key_press & KEY_DECRE)
  63   3              {
  64   4                  Flag_key_decre = 1;
  65   4              }
  66   3              else if(key_press & KEY_MENU)
  67   3              {
  68   4                // 每按一次，光标时间向后挪，直到最后才正常显示时间
  69   4                //Flag_key_menu = 1;
  70   4                //LED1 = ~LED1;
  71   4                //Flag_key_menu = !Flag_key_menu;
  72   4                if(++Flag_key_menu >= MENU_ADJ_NUM)
  73   4                  Flag_key_menu = MENU_NoADJ;
  74   4              }
  75   3              key_state = key_state_2;
  76   3            }
  77   2            else
  78   2              key_state = key_state_0;  // 按键已抬起，转换到按键初始态
  79   2            break;
  80   2          case key_state_2:
  81   2            if (!key_press)
  82   2            {
  83   3              key_state = key_state_0;  // 按键已释放，转换到按键初始态
  84   3            }
  85   2            break;
  86   2      /*    case key_state_3:
  87   2            if (!key_press)
  88   2              key_state = key_state_0; //按键已释放，转换到按键初始态
  89   2            
  90   2            break;*/
  91   2          default:break;
  92   2        } 
  93   1        //return key_return;
  94   1      }
  95          


MODULE INFORMATION:   STATIC OVERLAYABLE
   CODE SIZE        =    122    ----
   CONSTANT SIZE    =   ----    ----
   XDATA SIZE       =   ----    ----
   PDATA SIZE       =   ----    ----
   DATA SIZE        =      5    ----
   IDATA SIZE       =   ----    ----
   BIT SIZE         =   ----    ----
END OF MODULE INFORMATION.


C51 COMPILATION COMPLETE.  0 WARNING(S),  0 ERROR(S)
